<html>
<body>
<pre>
<h1>µVision Build Log</h1>
<h2>Tool Versions:</h2>
IDE-Version: µVision V5.27.1.0
Copyright (C) 2019 ARM Ltd and ARM Germany GmbH. All rights reserved.
License Information: Nirvan Tamhane, NMIMS, LIC=----
 
Tool Versions:
Toolchain:       PK51 Prof. Develpers Kit  Version: 9.60.0.0
Toolchain Path:  C:\Keil_v5\C51\BIN
C Compiler:      C51.exe V9.60.0.0
Assembler:       A51.exe V8.2.7.0
Linker/Locator:  BL51.exe V6.22.2.0
Library Manager: LIB51.exe V4.30.1.0
Hex Converter:   OH51.exe V2.7.0.0
CPU DLL:         S8051.DLL V3.122.0.0
Dialog DLL:      DP51.DLL V2.67.0.0 
<h2>Project:</h2>
C:\Users\Nirvan Tamhane\Documents\College Work\Embedded Systems\Lab Work\D007_EXP-5_8051_LCD\D007_8051_LCD.uvproj
Project File Date:  08/30/2022

<h2>Output:</h2>
Rebuild target 'Target 1'
assembling STARTUP.A51...
assembling 8051_LCD.A51...
8051_LCD.A51(17): error A9: SYNTAX ERROR
8051_LCD.A51(17): error A9: SYNTAX ERROR
8051_LCD.A51(17): error A9: SYNTAX ERROR
8051_LCD.A51(20): error A9: SYNTAX ERROR
8051_LCD.A51(20): error A9: SYNTAX ERROR
8051_LCD.A51(20): error A9: SYNTAX ERROR
8051_LCD.A51(43): warning A41: MISSING 'END' STATEMENT
Target not created.
Build Time Elapsed:  00:00:00
</pre>
</body>
</html>
